{
  "start": "2022-08-15T11:01:19.943Z",
  "end": "2022-08-15T11:01:30.806Z",
  "capabilities": {
    "acceptInsecureCerts": false,
    "browserName": "firefox",
    "browserVersion": "102.0",
    "moz:accessibilityChecks": false,
    "moz:buildID": "20220623063721",
    "moz:geckodriverVersion": "0.31.0",
    "moz:headless": false,
    "moz:processID": 21532,
    "moz:profile": "C:\\Users\\TEGUH-~1\\AppData\\Local\\Temp\\rust_mozprofile9rbuPo",
    "moz:shutdownTimeout": 60000,
    "moz:useNonSpecCompliantPointerOrigin": false,
    "moz:webdriverClick": true,
    "moz:windowless": false,
    "pageLoadStrategy": "normal",
    "platformName": "windows",
    "platformVersion": "10.0",
    "proxy": {},
    "setWindowRect": true,
    "strictFileInteractability": false,
    "timeouts": {
      "implicit": 0,
      "pageLoad": 300000,
      "script": 30000
    },
    "unhandledPromptBehavior": "dismiss and notify",
    "sessionId": "3952bf8c-2400-46ef-b141-7bb4e05f72d7"
  },
  "host": "localhost",
  "port": 4444,
  "baseUrl": "http://localhost",
  "framework": "mocha",
  "duration": 10863,
  "suites": [
    {
      "title": "My Login application",
      "duration": 10102,
      "start": "2022-08-15T11:01:19.949Z",
      "end": "2022-08-15T11:01:30.051Z",
      "tests": [
        {
          "title": "It should checking previous button main carousel",
          "start": "2022-08-15T11:01:19.950Z",
          "end": "2022-08-15T11:01:30.044Z",
          "duration": 10094,
          "state": "failed",
          "screenshots": [],
          "error": {
            "type": "Error",
            "message": "Expect $(`.slick-prev`) to be existing\n\nExpected: \"existing\"\nReceived: \"not existing\"",
            "stack": "Error: Expect $(`.slick-prev`) to be existing\n\nExpected: \"existing\"\nReceived: \"not existing\"\n    at Context.<anonymous> (C:\\Users\\Teguh-Genflix\\3D Objects\\Learn\\Automation\\webdriver\\test\\specs\\/example.e2e.js:7:54)\n    at Context.executeAsync (C:\\Users\\Teguh-Genflix\\3D Objects\\Learn\\Automation\\webdriver\\node_modules\\@wdio\\utils\\build\\shim.js:333:27)\n    at Context.testFrameworkFnWrapper (C:\\Users\\Teguh-Genflix\\3D Objects\\Learn\\Automation\\webdriver\\node_modules\\@wdio\\utils\\build\\test-framework\\testFnWrapper.js:51:32)"
          }
        }
      ],
      "hooks": []
    }
  ],
  "specs": [
    "C:\\Users\\Teguh-Genflix\\3D Objects\\Learn\\Automation\\webdriver\\test\\specs\\example.e2e.js"
  ],
  "state": {
    "passed": 0,
    "failed": 1,
    "skipped": 0
  }
}